Step: build-step-credential-initializer-wc8rd:

{"level":"warn","ts":1555492705.1535378,"logger":"fallback-logger","caller":"logging/config.go:65","msg":"Fetch GitHub commit ID from kodata failed: \"ref: refs/heads/backport-container-name-fix\" is not a valid GitHub commit ID"}
{"level":"info","ts":1555492705.154211,"logger":"fallback-logger","caller":"creds-init/main.go:40","msg":"Credentials initialized."}
Step: build-step-git-source-allons-y-devoxx-master-release-l4spt:

{"level":"warn","ts":1555492705.9031334,"logger":"fallback-logger","caller":"logging/config.go:65","msg":"Fetch GitHub commit ID from kodata failed: \"ref: refs/heads/backport-container-name-fix\" is not a valid GitHub commit ID"}
{"level":"info","ts":1555492706.5891805,"logger":"fallback-logger","caller":"git-init/main.go:99","msg":"Successfully cloned \"https://github.com/allons-y/devoxx\" @ \"v0.0.2\" in path \"/workspace/source\""}
Step: build-step-place-tools:

Step: build-step-git-merge:

Warning failed to load version: failed to parse version -dev+9e73adc0b: No Major.Minor.Patch elements found
time="2019-04-17T09:18:29Z" level=info msg="got "
Using SHAs from PULL_REFS=master:ab048c2acae975e173325a89da21cf6680e90fc1
time="2019-04-17T09:18:29Z" level=warning msg="no SHAs to merge, falling back to initial cloned commit"
Step: build-step-setup-**-git-credentials:

{"level":"info","msg":"Generated Git credentials file /workspace/xdg_config/git/credentials\n","time":"2019-04-17T09:18:30Z"}
Step: build-step-build-npm-install:

npm notice created a lockfile as package-lock.json. You should commit this file.
npm WARN REPLACE_ME@1.0.0 No repository field.
npm WARN REPLACE_ME@1.0.0 No license field.

up to date in 0.396s
found 0 vulnerabilities

Step: build-step-build-npm-test:


> REPLACE_ME@1.0.0 test /workspace/source
> echo "no test specified" && exit 0

no test specified
Step: build-step-build-container-build:

[36mINFO[0m[0000] Downloading base image node:9-slim           
ERROR: logging before flag.Parse: E0417 09:18:37.874106       9 metadata.go:142] while reading 'google-dockercfg' metadata: http status code: 404 while fetching url http://metadata.google.internal./computeMetadata/v1/instance/attributes/google-dockercfg
ERROR: logging before flag.Parse: E0417 09:18:37.879061       9 metadata.go:159] while reading 'google-dockercfg-url' metadata: http status code: 404 while fetching url http://metadata.google.internal./computeMetadata/v1/instance/attributes/google-dockercfg-url
2019/04/17 09:18:37 No matching credentials were found, falling back on anonymous
[36mINFO[0m[0001] Error while retrieving image from cache: getting file info: stat /workspace/sha256:0e0175bbe4f8d9d104590d8d2c591017874e30977cb71aaff1cf6fa99479575c: no such file or directory 
[36mINFO[0m[0001] Downloading base image node:9-slim           
2019/04/17 09:18:39 No matching credentials were found, falling back on anonymous
[36mINFO[0m[0002] Executing 0 build triggers                   
[36mINFO[0m[0002] cmd: EXPOSE                                  
[36mINFO[0m[0002] Adding exposed port: 8080/tcp                
[36mINFO[0m[0002] Using files from context: [/workspace/source] 
[36mINFO[0m[0002] Skipping unpacking as no commands require it. 
[36mINFO[0m[0002] Taking snapshot of full filesystem...        
[36mINFO[0m[0002] ENV PORT 8080                                
[36mINFO[0m[0002] No files changed in this command, skipping snapshotting. 
[36mINFO[0m[0002] EXPOSE 8080                                  
[36mINFO[0m[0002] cmd: EXPOSE                                  
[36mINFO[0m[0002] Adding exposed port: 8080/tcp                
[36mINFO[0m[0002] No files changed in this command, skipping snapshotting. 
[36mINFO[0m[0002] WORKDIR /usr/src/app                         
[36mINFO[0m[0002] cmd: workdir                                 
[36mINFO[0m[0002] Changed working directory to /usr/src/app    
[36mINFO[0m[0002] Creating directory /usr/src/app              
[36mINFO[0m[0002] Taking snapshot of files...                  
[36mINFO[0m[0002] Using files from context: [/workspace/source] 
[36mINFO[0m[0002] COPY . .                                     
[36mINFO[0m[0002] Taking snapshot of files...                  
[36mINFO[0m[0002] CMD ["npm", "start"]                         
[36mINFO[0m[0002] No files changed in this command, skipping snapshotting. 
2019/04/17 09:18:39 existing blob: sha256:e01bd28a434b56ffd2a3fe9aa99b9b69aecca69904843edd30b1ee7150d79904
2019/04/17 09:18:39 existing blob: sha256:a88538b9cd05cfa611e43a25582a95ad7879f6fa708b0386a26b71ee62235bb3
2019/04/17 09:18:39 existing blob: sha256:5bba3ecb4cd6374a19da45f2a3db0a9c0804984358b3bb4b666c28944016e5ff
2019/04/17 09:18:39 existing blob: sha256:7d083412657baa2dafba8d093034ef26f9ed2c90fb6ed95f76bb55aff03ed429
2019/04/17 09:18:39 existing blob: sha256:196b8e3c919d5639193ba6c6e54774528942041bbc37606631a2250502985c3c
2019/04/17 09:18:40 pushed blob: sha256:31791e4eda666894da28365e82c84ded11e465d84fd3f9de25657441ac0bdfcf
2019/04/17 09:18:40 pushed blob: sha256:8c0bc3beb43d140ebfb89a1b18607133e912cfc5a7d7536551b57558b86fd703
2019/04/17 09:18:40 pushed blob: sha256:292c58f47a101cb3ba00fc480b1b2c97bee9995c600ac051a9764d48ca91c59c
2019/04/17 09:18:40 10.51.248.61:5000/allons-y/devoxx:0.0.2: digest: sha256:c9d62a3d280ecad0d8fb9690e96fc468a741560c614812cceccee7880c120df1 size: 1404
Step: build-step-build-post-build:

{"level":"info","msg":"no CVE provider running in the current ** namespace so skip adding image to be analysed","time":"2019-04-17T09:18:42Z"}
Step: build-step-promote-changelog:

{"level":"info","msg":"Converted /workspace/source/charts/devoxx to an unshallow repository\n","time":"2019-04-17T09:18:46Z"}
{"level":"info","msg":"Generating change log from git ref ab048c2acae975e173325a89da21cf6680e90fc1 =\u003e d49a18e24c0590fd73f49da6bf61060e915f2be6\n","time":"2019-04-17T09:18:46Z"}
{"level":"warning","msg":"Failed to enrich commits with issues: User.jenkins.io \"-0\" is invalid: metadata.name: Invalid value: \"-0\": a DNS-1123 subdomain must consist of lower case alphanumeric characters, '-' or '.', and must start and end with an alphanumeric character (e.g. 'example.com', regex used for validation is '[a-z0-9]([-a-z0-9]*[a-z0-9])?(\\.[a-z0-9]([-a-z0-9]*[a-z0-9])?)*')\n","time":"2019-04-17T09:18:46Z"}
{"level":"warning","msg":"Failed to enrich commits with issues: User.jenkins.io \"-0\" is invalid: metadata.name: Invalid value: \"-0\": a DNS-1123 subdomain must consist of lower case alphanumeric characters, '-' or '.', and must start and end with an alphanumeric character (e.g. 'example.com', regex used for validation is '[a-z0-9]([-a-z0-9]*[a-z0-9])?(\\.[a-z0-9]([-a-z0-9]*[a-z0-9])?)*')\n","time":"2019-04-17T09:18:46Z"}
{"level":"info","msg":"Finding issues in commit messages using git format\n","time":"2019-04-17T09:18:46Z"}
{"level":"warning","msg":"No release found for allons-y/devoxx and tag v0.0.2 so creating a new release\n","time":"2019-04-17T09:18:47Z"}
{"level":"info","msg":"Updated the release information at https://github.com/allons-y/devoxx/releases/tag/v0.0.2\n","time":"2019-04-17T09:18:48Z"}
{"level":"info","msg":"generated: /workspace/source/charts/devoxx/templates/release.yaml\n","time":"2019-04-17T09:18:48Z"}
{"level":"info","msg":"Created Release devoxx-0-0-2 resource in namespace **\n","time":"2019-04-17T09:18:48Z"}
{"level":"info","msg":"Updating PipelineActivity allons-y-devoxx-master-2 with version 0.0.2\n","time":"2019-04-17T09:18:48Z"}
{"level":"info","msg":"Updated PipelineActivities allons-y-devoxx-master-2 with release notes URL: https://github.com/allons-y/devoxx/releases/tag/v0.0.2\n","time":"2019-04-17T09:18:48Z"}
Step: build-step-promote-helm-release:

{"level":"warning","msg":"No $CHART_REPOSITORY defined so using the default value of: http://jenkins-x-chartmuseum:8080\n","time":"2019-04-17T09:18:49Z"}
{"level":"info","msg":"Adding missing Helm repo: chartmuseum.jenkins-x.io http://chartmuseum.jenkins-x.io\n","time":"2019-04-17T09:18:51Z"}
{"level":"info","msg":"Successfully added Helm repository chartmuseum.jenkins-x.io.\n","time":"2019-04-17T09:18:52Z"}
{"level":"info","msg":"Adding missing Helm repo: jenkins-x-chartmuseum:8080 http://jenkins-x-chartmuseum:8080\n","time":"2019-04-17T09:18:52Z"}
{"level":"info","msg":"Successfully added Helm repository jenkins-x-chartmuseum:8080.\n","time":"2019-04-17T09:18:52Z"}
{"level":"warning","msg":"No $CHART_REPOSITORY defined so using the default value of: http://jenkins-x-chartmuseum:8080\n","time":"2019-04-17T09:18:52Z"}
{"level":"info","msg":"Uploading chart file devoxx-0.0.2.tgz to http://jenkins-x-chartmuseum:8080/api/charts\n","time":"2019-04-17T09:18:52Z"}
{"level":"info","msg":"Received 201 response: {\"saved\":true}\n","time":"2019-04-17T09:18:52Z"}
Step: build-step-promote-**-promote:

{"level":"warning","msg":"prow based install so skip waiting for the merge of Pull Requests to go green as currently there is an issue with gettingstatuses from the PR, see https://github.com/jenkins-x/**/issues/2410","time":"2019-04-17T09:18:54Z"}
{"level":"info","msg":"Promoting app devoxx version 0.0.2 to namespace **-staging\n","time":"2019-04-17T09:18:55Z"}
{"level":"info","msg":"Created Pull Request: https://github.com/allons-y/environment-stagkiwi-staging/pull/2\n\n","time":"2019-04-17T09:19:01Z"}
{"level":"info","msg":"Pull Request https://github.com/allons-y/environment-stagkiwi-staging/pull/2 is merged at sha 271cee60ea054e9b381ffdf255b057477c966785\n","time":"2019-04-17T09:19:26Z"}
{"level":"info","msg":"Pull Request merged but we are not waiting for the update pipeline to complete!","time":"2019-04-17T09:19:26Z"}
{"level":"warning","msg":"Could not find the service URL in namespace **-staging for names devoxx, **-devoxx, **-staging-devoxx\n","time":"2019-04-17T09:19:26Z"}
Step: build-step-source-mkdir-allons-y-devoxx-master-release-tdw7j:

{"level":"warn","ts":1555492768.1086736,"logger":"fallback-logger","caller":"logging/config.go:65","msg":"Fetch GitHub commit ID from kodata failed: open /var/run/ko/HEAD: no such file or directory"}
{"level":"info","ts":1555492768.144274,"logger":"fallback-logger","caller":"bash/main.go:65","msg":"Successfully executed command \"mkdir -p /pvc/from-build-pack/workspace\""}
Step: build-step-source-copy-allons-y-devoxx-master-release-h7wmn:

{"level":"warn","ts":1555492769.1771579,"logger":"fallback-logger","caller":"logging/config.go:65","msg":"Fetch GitHub commit ID from kodata failed: open /var/run/ko/HEAD: no such file or directory"}
{"level":"info","ts":1555492769.1959724,"logger":"fallback-logger","caller":"bash/main.go:65","msg":"Successfully executed command \"cp -r /workspace/source/. /pvc/from-build-pack/workspace\""}
